<?xml version="1.0" encoding="UTF-8"?>
<!-- Generated by org.testng.reporters.JUnitReportReporter -->
<testsuite hostname="DESKTOP-GH8EBEI" failures="0" tests="2" name="GroupingInTestNG.TestGroup1" time="0.020" errors="0" timestamp="2023-04-23T18:57:59 IST" skipped="0">
  <testcase classname="GroupingInTestNG.TestGroup1" name="TC2" time="0.007"/>
  <system-out>
    <![CDATA[Running TC2 ]]>
  </system-out>
  <testcase classname="GroupingInTestNG.TestGroup1" name="TC1" time="0.013"/>
  <system-out>
    <![CDATA[Running TC1 ]]>
  </system-out>
</testsuite> <!-- GroupingInTestNG.TestGroup1 -->
