<?xml version="1.0" encoding="UTF-8"?>
<!-- Generated by org.testng.reporters.JUnitReportReporter -->
<testsuite hostname="DESKTOP-GH8EBEI" failures="0" tests="4" name="TestNGStudy.AnnontationStudy1" time="0.024" errors="0" timestamp="2023-04-08T14:47:48 IST" skipped="0">
  <testcase classname="TestNGStudy.AnnontationStudy1" name="d" time="0.002"/>
  <system-out>
    <![CDATA[Running D Method]]>
  </system-out>
  <testcase classname="TestNGStudy.AnnontationStudy1" name="c" time="0.002"/>
  <system-out>
    <![CDATA[Running C Method]]>
  </system-out>
  <testcase classname="TestNGStudy.AnnontationStudy1" name="a" time="0.016"/>
  <system-out>
    <![CDATA[Running A Method]]>
  </system-out>
  <testcase classname="TestNGStudy.AnnontationStudy1" name="b" time="0.004"/>
  <system-out>
    <![CDATA[Running B Method]]>
  </system-out>
</testsuite> <!-- TestNGStudy.AnnontationStudy1 -->
