<?xml version="1.0" encoding="UTF-8"?>
<!-- Generated by org.testng.reporters.JUnitReportReporter -->
<testsuite hostname="DESKTOP-GH8EBEI" failures="0" tests="5" name="testNGXMLStudy.Test123" time="0.020" errors="0" timestamp="2023-04-08T15:02:34 IST" skipped="0">
  <testcase classname="testNGXMLStudy.Test123" name="TC8" time="0.002"/>
  <system-out>
    <![CDATA[Running TC8 Method]]>
  </system-out>
  <testcase classname="testNGXMLStudy.Test123" name="TC7" time="0.002"/>
  <system-out>
    <![CDATA[Running TC7 Method]]>
  </system-out>
  <testcase classname="testNGXMLStudy.Test123" name="TC9" time="0.002"/>
  <system-out>
    <![CDATA[Running TC9 Method]]>
  </system-out>
  <testcase classname="testNGXMLStudy.Test123" name="TC10" time="0.013"/>
  <system-out>
    <![CDATA[Running TC10 Method]]>
  </system-out>
  <testcase classname="testNGXMLStudy.Test123" name="TC6" time="0.001"/>
  <system-out>
    <![CDATA[Running TC6 Method]]>
  </system-out>
</testsuite> <!-- testNGXMLStudy.Test123 -->
