<?xml version="1.0" encoding="UTF-8"?>
<!-- Generated by org.testng.reporters.JUnitReportReporter -->
<testsuite hostname="DESKTOP-GH8EBEI" failures="0" tests="10" name="TestClass.TestPackage" time="0.037" errors="0" timestamp="2023-04-23T12:22:16 IST" skipped="0">
  <testcase classname="TestClass.TestPackage" name="A" time="0.009"/>
  <system-out>
    <![CDATA[This is test A Method]]>
  </system-out>
  <testcase classname="TestClass.TestPackage" name="A" time="0.001"/>
  <system-out>
    <![CDATA[This is test A Method]]>
  </system-out>
  <testcase classname="TestClass.TestPackage" name="A" time="0.002"/>
  <system-out>
    <![CDATA[This is test A Method]]>
  </system-out>
  <testcase classname="TestClass.TestPackage" name="C" time="0.002"/>
  <system-out>
    <![CDATA[This is test C Method]]>
  </system-out>
  <testcase classname="TestClass.TestPackage" name="A" time="0.002"/>
  <system-out>
    <![CDATA[This is test A Method]]>
  </system-out>
  <testcase classname="TestClass.TestPackage" name="D" time="0.007"/>
  <system-out>
    <![CDATA[This is test D Method]]>
  </system-out>
  <testcase classname="TestClass.TestPackage" name="E" time="0.008"/>
  <system-out>
    <![CDATA[This is test E Method]]>
  </system-out>
  <testcase classname="TestClass.TestPackage" name="F" time="0.002"/>
  <system-out>
    <![CDATA[This is test F Method]]>
  </system-out>
  <testcase classname="TestClass.TestPackage" name="A" time="0.002"/>
  <system-out>
    <![CDATA[This is test A Method]]>
  </system-out>
  <testcase classname="TestClass.TestPackage" name="B" time="0.002"/>
  <system-out>
    <![CDATA[This is test B Method]]>
  </system-out>
</testsuite> <!-- TestClass.TestPackage -->
