<?xml version="1.0" encoding="UTF-8"?>
<!-- Generated by org.testng.reporters.JUnitReportReporter -->
<testsuite hostname="DESKTOP-GH8EBEI" failures="0" tests="5" name="TestNGStudy.TestNGXMLStudy" time="0.023" errors="0" timestamp="2023-04-08T14:58:39 IST" skipped="0">
  <testcase classname="TestNGStudy.TestNGXMLStudy" name="TC1" time="0.015"/>
  <system-out>
    <![CDATA[Running TC1 Method]]>
  </system-out>
  <testcase classname="TestNGStudy.TestNGXMLStudy" name="TC2" time="0.001"/>
  <system-out>
    <![CDATA[Running TC2 Method]]>
  </system-out>
  <testcase classname="TestNGStudy.TestNGXMLStudy" name="TC5" time="0.002"/>
  <system-out>
    <![CDATA[Running TC5 Method]]>
  </system-out>
  <testcase classname="TestNGStudy.TestNGXMLStudy" name="TC4" time="0.002"/>
  <system-out>
    <![CDATA[Running TC4 Method]]>
  </system-out>
  <testcase classname="TestNGStudy.TestNGXMLStudy" name="TC3" time="0.003"/>
  <system-out>
    <![CDATA[Running TC3 Method]]>
  </system-out>
</testsuite> <!-- TestNGStudy.TestNGXMLStudy -->
