<?xml version="1.0" encoding="UTF-8"?>
<!-- Generated by org.testng.reporters.JUnitReportReporter -->
<testsuite hostname="DESKTOP-GH8EBEI" failures="0" tests="2" name="TestNgxmlStudy11.MyClass" time="0.016" errors="0" timestamp="2023-04-23T18:45:37 IST" skipped="0">
  <testcase classname="TestNgxmlStudy11.MyClass" name="TC2" time="0.001"/>
  <system-out>
    <![CDATA[Running TC2 ]]>
  </system-out>
  <testcase classname="TestNgxmlStudy11.MyClass" name="TC1" time="0.015"/>
  <system-out>
    <![CDATA[Running TC1 ]]>
  </system-out>
</testsuite> <!-- TestNgxmlStudy11.MyClass -->
