<?xml version="1.0" encoding="UTF-8"?>
<!-- Generated by org.testng.reporters.JUnitReportReporter -->
<testsuite hostname="DESKTOP-GH8EBEI" failures="0" tests="1" name="ActionsPractice.Actions" time="17.312" errors="0" timestamp="2023-02-14T20:51:51 IST" skipped="0">
  <testcase classname="ActionsPractice.Actions" name="wordpress" time="17.312"/>
  <system-out/>
</testsuite> <!-- ActionsPractice.Actions -->
