<?xml version="1.0" encoding="UTF-8"?>
<!-- Generated by org.testng.reporters.JUnitReportReporter -->
<testsuite hostname="DESKTOP-GH8EBEI" failures="0" tests="11" name="TestClass.Add" time="0.039" errors="0" timestamp="2023-04-23T12:28:14 IST" skipped="0">
  <testcase classname="TestClass.Add" name="sum" time="0.003"/>
  <system-out/>
  <testcase classname="TestClass.Add" name="sum" time="0.004"/>
  <system-out/>
  <testcase classname="TestClass.Add" name="sum" time="0.004"/>
  <system-out/>
  <testcase classname="TestClass.Add" name="sum" time="0.002"/>
  <system-out/>
  <testcase classname="TestClass.Add" name="sum" time="0.002"/>
  <system-out/>
  <testcase classname="TestClass.Add" name="sum" time="0.003"/>
  <system-out/>
  <testcase classname="TestClass.Add" name="sum" time="0.003"/>
  <system-out/>
  <testcase classname="TestClass.Add" name="sum" time="0.003"/>
  <system-out/>
  <testcase classname="TestClass.Add" name="sum" time="0.013"/>
  <system-out/>
  <testcase classname="TestClass.Add" name="sum" time="0.001"/>
  <system-out/>
  <testcase classname="TestClass.Add" name="min" time="0.001"/>
  <system-out/>
</testsuite> <!-- TestClass.Add -->
