<?xml version="1.0" encoding="UTF-8"?>
<!-- Generated by org.testng.reporters.JUnitReportReporter -->
<testsuite hostname="DESKTOP-GH8EBEI" failures="0" tests="3" name="TestNgxmlStudy11.Test123" time="0.018" errors="0" timestamp="2023-04-23T18:58:52 IST" skipped="0">
  <testcase classname="TestNgxmlStudy11.Test123" name="TC9" time="0.002"/>
  <system-out>
    <![CDATA[Running TC9 ]]>
  </system-out>
  <testcase classname="TestNgxmlStudy11.Test123" name="TC10" time="0.012"/>
  <system-out>
    <![CDATA[Running TC10 ]]>
  </system-out>
  <testcase classname="TestNgxmlStudy11.Test123" name="TC8" time="0.004"/>
  <system-out>
    <![CDATA[Running TC8 ]]>
  </system-out>
</testsuite> <!-- TestNgxmlStudy11.Test123 -->
