<?xml version="1.0" encoding="UTF-8"?>
<!-- Generated by org.testng.reporters.JUnitReportReporter -->
<testsuite hostname="DESKTOP-GH8EBEI" failures="0" tests="2" name="TestNGStudy.AnnotationStudy" time="0.014" errors="0" timestamp="2023-04-08T14:34:38 IST" skipped="0">
  <testcase classname="TestNGStudy.AnnotationStudy" name="userid" time="0.005"/>
  <system-out>
    <![CDATA[running useridTest ]]>
  </system-out>
  <testcase classname="TestNGStudy.AnnotationStudy" name="sampleTest" time="0.009"/>
  <system-out>
    <![CDATA[Running sampleTest]]>
  </system-out>
</testsuite> <!-- TestNGStudy.AnnotationStudy -->
