<?xml version="1.0" encoding="UTF-8"?>
<!-- Generated by org.testng.reporters.JUnitReportReporter -->
<testsuite hostname="DESKTOP-GH8EBEI" failures="0" tests="5" name="GroupingInTestNG.TestGroup2" time="0.020" errors="0" timestamp="2023-04-23T18:55:58 IST" skipped="0">
  <testcase classname="GroupingInTestNG.TestGroup2" name="TC9" time="0.001"/>
  <system-out>
    <![CDATA[Running TC9 ]]>
  </system-out>
  <testcase classname="GroupingInTestNG.TestGroup2" name="TC8" time="0.001"/>
  <system-out>
    <![CDATA[Running TC8 ]]>
  </system-out>
  <testcase classname="GroupingInTestNG.TestGroup2" name="TC6" time="0.001"/>
  <system-out>
    <![CDATA[Running TC6 ]]>
  </system-out>
  <testcase classname="GroupingInTestNG.TestGroup2" name="TC10" time="0.015"/>
  <system-out>
    <![CDATA[Running TC10 ]]>
  </system-out>
  <testcase classname="GroupingInTestNG.TestGroup2" name="TC7" time="0.002"/>
  <system-out>
    <![CDATA[Running TC7 ]]>
  </system-out>
</testsuite> <!-- GroupingInTestNG.TestGroup2 -->
